<?xml version="1.0" encoding="UTF-8"?>
<!-- Generated by org.testng.reporters.JUnitReportReporter -->
<testsuite hostname="DESKTOP-692KJGU" failures="0" tests="1" name="automation.spotify.Api" time="2.241" errors="0" timestamp="2022-11-19T12:56:21 IST" skipped="0">
  <testcase classname="automation.spotify.Api" name="search" time="2.241"/>
  <system-out/>
</testsuite> <!-- automation.spotify.Api -->
